# Taper.a9.0.out
#   Alpha(Deg)       CL      CDi
#    9.00        0.9574  -0.0292
#
#
# X(m)       Y(m)     Z(m)   Chord(m)    Gamma/V(m)       Cl
   0.000   -4.950    0.000   0.472308      0.114782 0.486046
   0.000   -4.850    0.000   0.493847      0.166323 0.673580
   0.000   -4.750    0.000   0.515387      0.201721 0.782797
   0.000   -4.650    0.000   0.536926      0.229309 0.854155
   0.000   -4.550    0.000   0.558465      0.252303 0.903560
   0.000   -4.450    0.000   0.580004      0.272311 0.938996
   0.000   -4.350    0.000   0.601543      0.290246 0.965004
   0.000   -4.250    0.000   0.623083      0.306673 0.984373
   0.000   -4.150    0.000   0.644622      0.321961 0.998914
   0.000   -4.050    0.000   0.666161      0.336361 1.009849
   0.000   -3.950    0.000   0.687700      0.350051 1.018033
   0.000   -3.850    0.000   0.709240      0.363157 1.024075
   0.000   -3.750    0.000   0.730779      0.375775 1.028424
   0.000   -3.650    0.000   0.752318      0.387975 1.031412
   0.000   -3.550    0.000   0.773857      0.399810 1.033291
   0.000   -3.450    0.000   0.795397      0.411322 1.034256
   0.000   -3.350    0.000   0.816936      0.422542 1.034457
   0.000   -3.250    0.000   0.838475      0.433496 1.034010
   0.000   -3.150    0.000   0.860014      0.444202 1.033011
   0.000   -3.050    0.000   0.881553      0.454675 1.031532
   0.000   -2.950    0.000   0.903093      0.464927 1.029633
   0.000   -2.850    0.000   0.924632      0.474966 1.027362
   0.000   -2.750    0.000   0.946171      0.484798 1.024757
   0.000   -2.650    0.000   0.967710      0.494427 1.021850
   0.000   -2.550    0.000   0.989250      0.503856 1.018664
   0.000   -2.450    0.000   1.010789      0.513086 1.015219
   0.000   -2.350    0.000   1.032328      0.522116 1.011532
   0.000   -2.250    0.000   1.053867      0.530945 1.007613
   0.000   -2.150    0.000   1.075407      0.539570 1.003472
   0.000   -2.050    0.000   1.096946      0.547988 0.999116
   0.000   -1.950    0.000   1.118485      0.556193 0.994548
   0.000   -1.850    0.000   1.140024      0.564181 0.989770
   0.000   -1.750    0.000   1.161563      0.571944 0.984783
   0.000   -1.650    0.000   1.183103      0.579474 0.979583
   0.000   -1.550    0.000   1.204642      0.586763 0.974170
   0.000   -1.450    0.000   1.226181      0.593800 0.968535
   0.000   -1.350    0.000   1.247720      0.600574 0.962675
   0.000   -1.250    0.000   1.269260      0.607073 0.956578
   0.000   -1.150    0.000   1.290799      0.613282 0.950236
   0.000   -1.050    0.000   1.312338      0.619184 0.943635
   0.000   -0.950    0.000   1.333877      0.624762 0.936761
   0.000   -0.850    0.000   1.355417      0.629995 0.929596
   0.000   -0.750    0.000   1.376956      0.634859 0.922120
   0.000   -0.650    0.000   1.398495      0.639328 0.914308
   0.000   -0.550    0.000   1.420034      0.643369 0.906132
   0.000   -0.450    0.000   1.441573      0.646945 0.897554
   0.000   -0.350    0.000   1.463113      0.650010 0.888530
   0.000   -0.250    0.000   1.484652      0.652506 0.879002
   0.000   -0.150    0.000   1.506191      0.654354 0.868885
   0.000   -0.050    0.000   1.527730      0.655431 0.858045
   0.000    0.050    0.000   1.527730      0.655431 0.858045
   0.000    0.150    0.000   1.506191      0.654354 0.868885
   0.000    0.250    0.000   1.484652      0.652506 0.879002
   0.000    0.350    0.000   1.463113      0.650010 0.888530
   0.000    0.450    0.000   1.441573      0.646945 0.897554
   0.000    0.550    0.000   1.420034      0.643369 0.906132
   0.000    0.650    0.000   1.398495      0.639328 0.914308
   0.000    0.750    0.000   1.376956      0.634859 0.922120
   0.000    0.850    0.000   1.355417      0.629995 0.929596
   0.000    0.950    0.000   1.333877      0.624762 0.936761
   0.000    1.050    0.000   1.312338      0.619184 0.943635
   0.000    1.150    0.000   1.290799      0.613282 0.950236
   0.000    1.250    0.000   1.269260      0.607073 0.956578
   0.000    1.350    0.000   1.247720      0.600574 0.962675
   0.000    1.450    0.000   1.226181      0.593800 0.968535
   0.000    1.550    0.000   1.204642      0.586763 0.974170
   0.000    1.650    0.000   1.183103      0.579474 0.979583
   0.000    1.750    0.000   1.161563      0.571944 0.984783
   0.000    1.850    0.000   1.140024      0.564181 0.989770
   0.000    1.950    0.000   1.118485      0.556193 0.994548
   0.000    2.050    0.000   1.096946      0.547988 0.999116
   0.000    2.150    0.000   1.075407      0.539570 1.003472
   0.000    2.250    0.000   1.053867      0.530945 1.007613
   0.000    2.350    0.000   1.032328      0.522116 1.011532
   0.000    2.450    0.000   1.010789      0.513086 1.015219
   0.000    2.550    0.000   0.989250      0.503856 1.018664
   0.000    2.650    0.000   0.967710      0.494427 1.021850
   0.000    2.750    0.000   0.946171      0.484798 1.024757
   0.000    2.850    0.000   0.924632      0.474966 1.027362
   0.000    2.950    0.000   0.903093      0.464927 1.029633
   0.000    3.050    0.000   0.881553      0.454675 1.031532
   0.000    3.150    0.000   0.860014      0.444202 1.033011
   0.000    3.250    0.000   0.838475      0.433496 1.034010
   0.000    3.350    0.000   0.816936      0.422542 1.034457
   0.000    3.450    0.000   0.795397      0.411322 1.034256
   0.000    3.550    0.000   0.773857      0.399810 1.033291
   0.000    3.650    0.000   0.752318      0.387975 1.031412
   0.000    3.750    0.000   0.730779      0.375775 1.028424
   0.000    3.850    0.000   0.709240      0.363157 1.024075
   0.000    3.950    0.000   0.687700      0.350051 1.018033
   0.000    4.050    0.000   0.666161      0.336361 1.009849
   0.000    4.150    0.000   0.644622      0.321961 0.998914
   0.000    4.250    0.000   0.623083      0.306673 0.984373
   0.000    4.350    0.000   0.601543      0.290246 0.965004
   0.000    4.450    0.000   0.580004      0.272311 0.938996
   0.000    4.550    0.000   0.558465      0.252303 0.903560
   0.000    4.650    0.000   0.536926      0.229309 0.854155
   0.000    4.750    0.000   0.515387      0.201721 0.782797
   0.000    4.850    0.000   0.493847      0.166323 0.673580
   0.000    4.950    0.000   0.472308      0.114782 0.486046
