# Taper.a5.0.out
#   Alpha(Deg)       CL      CDi
#    5.00        0.6115  -0.0119
#
#
# X(m)       Y(m)     Z(m)   Chord(m)    Gamma/V(m)       Cl
   0.000   -4.950    0.000   0.472308      0.073311 0.310436
   0.000   -4.850    0.000   0.493847      0.106230 0.430214
   0.000   -4.750    0.000   0.515387      0.128839 0.499971
   0.000   -4.650    0.000   0.536926      0.146459 0.545547
   0.000   -4.550    0.000   0.558465      0.161146 0.577102
   0.000   -4.450    0.000   0.580004      0.173924 0.599735
   0.000   -4.350    0.000   0.601543      0.185379 0.616346
   0.000   -4.250    0.000   0.623083      0.195871 0.628717
   0.000   -4.150    0.000   0.644622      0.205636 0.638004
   0.000   -4.050    0.000   0.666161      0.214833 0.644989
   0.000   -3.950    0.000   0.687700      0.223577 0.650216
   0.000   -3.850    0.000   0.709240      0.231948 0.654075
   0.000   -3.750    0.000   0.730779      0.240007 0.656852
   0.000   -3.650    0.000   0.752318      0.247799 0.658761
   0.000   -3.550    0.000   0.773857      0.255358 0.659961
   0.000   -3.450    0.000   0.795397      0.262711 0.660577
   0.000   -3.350    0.000   0.816936      0.269877 0.660705
   0.000   -3.250    0.000   0.838475      0.276873 0.660420
   0.000   -3.150    0.000   0.860014      0.283711 0.659782
   0.000   -3.050    0.000   0.881553      0.290400 0.658837
   0.000   -2.950    0.000   0.903093      0.296948 0.657625
   0.000   -2.850    0.000   0.924632      0.303360 0.656174
   0.000   -2.750    0.000   0.946171      0.309640 0.654511
   0.000   -2.650    0.000   0.967710      0.315790 0.652653
   0.000   -2.550    0.000   0.989250      0.321812 0.650619
   0.000   -2.450    0.000   1.010789      0.327707 0.648419
   0.000   -2.350    0.000   1.032328      0.333475 0.646063
   0.000   -2.250    0.000   1.053867      0.339114 0.643561
   0.000   -2.150    0.000   1.075407      0.344623 0.640916
   0.000   -2.050    0.000   1.096946      0.349999 0.638134
   0.000   -1.950    0.000   1.118485      0.355240 0.635216
   0.000   -1.850    0.000   1.140024      0.360341 0.632164
   0.000   -1.750    0.000   1.161563      0.365299 0.628979
   0.000   -1.650    0.000   1.183103      0.370109 0.625658
   0.000   -1.550    0.000   1.204642      0.374764 0.622200
   0.000   -1.450    0.000   1.226181      0.379259 0.618602
   0.000   -1.350    0.000   1.247720      0.383586 0.614858
   0.000   -1.250    0.000   1.269260      0.387736 0.610965
   0.000   -1.150    0.000   1.290799      0.391702 0.606914
   0.000   -1.050    0.000   1.312338      0.395472 0.602698
   0.000   -0.950    0.000   1.333877      0.399034 0.598307
   0.000   -0.850    0.000   1.355417      0.402377 0.593731
   0.000   -0.750    0.000   1.376956      0.405483 0.588956
   0.000   -0.650    0.000   1.398495      0.408338 0.583967
   0.000   -0.550    0.000   1.420034      0.410918 0.578744
   0.000   -0.450    0.000   1.441573      0.413202 0.573266
   0.000   -0.350    0.000   1.463113      0.415160 0.567502
   0.000   -0.250    0.000   1.484652      0.416754 0.561417
   0.000   -0.150    0.000   1.506191      0.417934 0.554955
   0.000   -0.050    0.000   1.527730      0.418622 0.548032
   0.000    0.050    0.000   1.527730      0.418622 0.548032
   0.000    0.150    0.000   1.506191      0.417934 0.554955
   0.000    0.250    0.000   1.484652      0.416754 0.561417
   0.000    0.350    0.000   1.463113      0.415160 0.567502
   0.000    0.450    0.000   1.441573      0.413202 0.573266
   0.000    0.550    0.000   1.420034      0.410918 0.578744
   0.000    0.650    0.000   1.398495      0.408338 0.583967
   0.000    0.750    0.000   1.376956      0.405483 0.588956
   0.000    0.850    0.000   1.355417      0.402377 0.593731
   0.000    0.950    0.000   1.333877      0.399034 0.598307
   0.000    1.050    0.000   1.312338      0.395472 0.602698
   0.000    1.150    0.000   1.290799      0.391702 0.606914
   0.000    1.250    0.000   1.269260      0.387736 0.610965
   0.000    1.350    0.000   1.247720      0.383586 0.614858
   0.000    1.450    0.000   1.226181      0.379259 0.618602
   0.000    1.550    0.000   1.204642      0.374764 0.622200
   0.000    1.650    0.000   1.183103      0.370109 0.625658
   0.000    1.750    0.000   1.161563      0.365299 0.628979
   0.000    1.850    0.000   1.140024      0.360341 0.632164
   0.000    1.950    0.000   1.118485      0.355240 0.635216
   0.000    2.050    0.000   1.096946      0.349999 0.638134
   0.000    2.150    0.000   1.075407      0.344623 0.640916
   0.000    2.250    0.000   1.053867      0.339114 0.643561
   0.000    2.350    0.000   1.032328      0.333475 0.646063
   0.000    2.450    0.000   1.010789      0.327707 0.648419
   0.000    2.550    0.000   0.989250      0.321812 0.650619
   0.000    2.650    0.000   0.967710      0.315790 0.652653
   0.000    2.750    0.000   0.946171      0.309640 0.654511
   0.000    2.850    0.000   0.924632      0.303360 0.656174
   0.000    2.950    0.000   0.903093      0.296948 0.657625
   0.000    3.050    0.000   0.881553      0.290400 0.658837
   0.000    3.150    0.000   0.860014      0.283711 0.659782
   0.000    3.250    0.000   0.838475      0.276873 0.660420
   0.000    3.350    0.000   0.816936      0.269877 0.660705
   0.000    3.450    0.000   0.795397      0.262711 0.660577
   0.000    3.550    0.000   0.773857      0.255358 0.659961
   0.000    3.650    0.000   0.752318      0.247799 0.658761
   0.000    3.750    0.000   0.730779      0.240007 0.656852
   0.000    3.850    0.000   0.709240      0.231948 0.654075
   0.000    3.950    0.000   0.687700      0.223577 0.650216
   0.000    4.050    0.000   0.666161      0.214833 0.644989
   0.000    4.150    0.000   0.644622      0.205636 0.638004
   0.000    4.250    0.000   0.623083      0.195871 0.628717
   0.000    4.350    0.000   0.601543      0.185379 0.616346
   0.000    4.450    0.000   0.580004      0.173924 0.599735
   0.000    4.550    0.000   0.558465      0.161146 0.577102
   0.000    4.650    0.000   0.536926      0.146459 0.545547
   0.000    4.750    0.000   0.515387      0.128839 0.499971
   0.000    4.850    0.000   0.493847      0.106230 0.430214
   0.000    4.950    0.000   0.472308      0.073311 0.310436
