# Taper.a1.0.out
#   Alpha(Deg)       CL      CDi
#    1.00        0.2626  -0.0022
#
#
# X(m)       Y(m)     Z(m)   Chord(m)    Gamma/V(m)       Cl
   0.000   -4.950    0.000   0.472308      0.031483 0.133315
   0.000   -4.850    0.000   0.493847      0.045620 0.184753
   0.000   -4.750    0.000   0.515387      0.055329 0.214709
   0.000   -4.650    0.000   0.536926      0.062896 0.234282
   0.000   -4.550    0.000   0.558465      0.069203 0.247833
   0.000   -4.450    0.000   0.580004      0.074691 0.257552
   0.000   -4.350    0.000   0.601543      0.079610 0.264686
   0.000   -4.250    0.000   0.623083      0.084116 0.269998
   0.000   -4.150    0.000   0.644622      0.088309 0.273987
   0.000   -4.050    0.000   0.666161      0.092259 0.276986
   0.000   -3.950    0.000   0.687700      0.096014 0.279231
   0.000   -3.850    0.000   0.709240      0.099608 0.280888
   0.000   -3.750    0.000   0.730779      0.103069 0.282081
   0.000   -3.650    0.000   0.752318      0.106416 0.282900
   0.000   -3.550    0.000   0.773857      0.109662 0.283416
   0.000   -3.450    0.000   0.795397      0.112819 0.283680
   0.000   -3.350    0.000   0.816936      0.115897 0.283735
   0.000   -3.250    0.000   0.838475      0.118901 0.283613
   0.000   -3.150    0.000   0.860014      0.121838 0.283339
   0.000   -3.050    0.000   0.881553      0.124710 0.282933
   0.000   -2.950    0.000   0.903093      0.127522 0.282412
   0.000   -2.850    0.000   0.924632      0.130276 0.281790
   0.000   -2.750    0.000   0.946171      0.132973 0.281075
   0.000   -2.650    0.000   0.967710      0.135614 0.280278
   0.000   -2.550    0.000   0.989250      0.138200 0.279404
   0.000   -2.450    0.000   1.010789      0.140732 0.278459
   0.000   -2.350    0.000   1.032328      0.143208 0.277447
   0.000   -2.250    0.000   1.053867      0.145630 0.276373
   0.000   -2.150    0.000   1.075407      0.147996 0.275237
   0.000   -2.050    0.000   1.096946      0.150305 0.274042
   0.000   -1.950    0.000   1.118485      0.152555 0.272789
   0.000   -1.850    0.000   1.140024      0.154746 0.271479
   0.000   -1.750    0.000   1.161563      0.156875 0.270111
   0.000   -1.650    0.000   1.183103      0.158941 0.268685
   0.000   -1.550    0.000   1.204642      0.160940 0.267200
   0.000   -1.450    0.000   1.226181      0.162870 0.265654
   0.000   -1.350    0.000   1.247720      0.164728 0.264047
   0.000   -1.250    0.000   1.269260      0.166511 0.262375
   0.000   -1.150    0.000   1.290799      0.168214 0.260635
   0.000   -1.050    0.000   1.312338      0.169833 0.258825
   0.000   -0.950    0.000   1.333877      0.171363 0.256939
   0.000   -0.850    0.000   1.355417      0.172798 0.254974
   0.000   -0.750    0.000   1.376956      0.174132 0.252923
   0.000   -0.650    0.000   1.398495      0.175358 0.250781
   0.000   -0.550    0.000   1.420034      0.176466 0.248538
   0.000   -0.450    0.000   1.441573      0.177447 0.246185
   0.000   -0.350    0.000   1.463113      0.178288 0.243710
   0.000   -0.250    0.000   1.484652      0.178972 0.241097
   0.000   -0.150    0.000   1.506191      0.179479 0.238322
   0.000   -0.050    0.000   1.527730      0.179775 0.235349
   0.000    0.050    0.000   1.527730      0.179775 0.235349
   0.000    0.150    0.000   1.506191      0.179479 0.238322
   0.000    0.250    0.000   1.484652      0.178972 0.241097
   0.000    0.350    0.000   1.463113      0.178288 0.243710
   0.000    0.450    0.000   1.441573      0.177447 0.246185
   0.000    0.550    0.000   1.420034      0.176466 0.248538
   0.000    0.650    0.000   1.398495      0.175358 0.250781
   0.000    0.750    0.000   1.376956      0.174132 0.252923
   0.000    0.850    0.000   1.355417      0.172798 0.254974
   0.000    0.950    0.000   1.333877      0.171363 0.256939
   0.000    1.050    0.000   1.312338      0.169833 0.258825
   0.000    1.150    0.000   1.290799      0.168214 0.260635
   0.000    1.250    0.000   1.269260      0.166511 0.262375
   0.000    1.350    0.000   1.247720      0.164728 0.264047
   0.000    1.450    0.000   1.226181      0.162870 0.265654
   0.000    1.550    0.000   1.204642      0.160940 0.267200
   0.000    1.650    0.000   1.183103      0.158941 0.268685
   0.000    1.750    0.000   1.161563      0.156875 0.270111
   0.000    1.850    0.000   1.140024      0.154746 0.271479
   0.000    1.950    0.000   1.118485      0.152555 0.272789
   0.000    2.050    0.000   1.096946      0.150305 0.274042
   0.000    2.150    0.000   1.075407      0.147996 0.275237
   0.000    2.250    0.000   1.053867      0.145630 0.276373
   0.000    2.350    0.000   1.032328      0.143208 0.277447
   0.000    2.450    0.000   1.010789      0.140732 0.278459
   0.000    2.550    0.000   0.989250      0.138200 0.279404
   0.000    2.650    0.000   0.967710      0.135614 0.280278
   0.000    2.750    0.000   0.946171      0.132973 0.281075
   0.000    2.850    0.000   0.924632      0.130276 0.281790
   0.000    2.950    0.000   0.903093      0.127522 0.282412
   0.000    3.050    0.000   0.881553      0.124710 0.282933
   0.000    3.150    0.000   0.860014      0.121838 0.283339
   0.000    3.250    0.000   0.838475      0.118901 0.283613
   0.000    3.350    0.000   0.816936      0.115897 0.283735
   0.000    3.450    0.000   0.795397      0.112819 0.283680
   0.000    3.550    0.000   0.773857      0.109662 0.283416
   0.000    3.650    0.000   0.752318      0.106416 0.282900
   0.000    3.750    0.000   0.730779      0.103069 0.282081
   0.000    3.850    0.000   0.709240      0.099608 0.280888
   0.000    3.950    0.000   0.687700      0.096014 0.279231
   0.000    4.050    0.000   0.666161      0.092259 0.276986
   0.000    4.150    0.000   0.644622      0.088309 0.273987
   0.000    4.250    0.000   0.623083      0.084116 0.269998
   0.000    4.350    0.000   0.601543      0.079610 0.264686
   0.000    4.450    0.000   0.580004      0.074691 0.257552
   0.000    4.550    0.000   0.558465      0.069203 0.247833
   0.000    4.650    0.000   0.536926      0.062896 0.234282
   0.000    4.750    0.000   0.515387      0.055329 0.214709
   0.000    4.850    0.000   0.493847      0.045620 0.184753
   0.000    4.950    0.000   0.472308      0.031483 0.133315
