# Taper.a4.0.out
#   Alpha(Deg)       CL      CDi
#    4.00        0.5245  -0.0088
#
#
# X(m)       Y(m)     Z(m)   Chord(m)    Gamma/V(m)       Cl
   0.000   -4.950    0.000   0.472308      0.062879 0.266264
   0.000   -4.850    0.000   0.493847      0.091115 0.368999
   0.000   -4.750    0.000   0.515387      0.110506 0.428830
   0.000   -4.650    0.000   0.536926      0.125619 0.467921
   0.000   -4.550    0.000   0.558465      0.138216 0.494986
   0.000   -4.450    0.000   0.580004      0.149177 0.514398
   0.000   -4.350    0.000   0.601543      0.159002 0.528646
   0.000   -4.250    0.000   0.623083      0.168001 0.539256
   0.000   -4.150    0.000   0.644622      0.176376 0.547222
   0.000   -4.050    0.000   0.666161      0.184264 0.553213
   0.000   -3.950    0.000   0.687700      0.191764 0.557696
   0.000   -3.850    0.000   0.709240      0.198944 0.561006
   0.000   -3.750    0.000   0.730779      0.205856 0.563388
   0.000   -3.650    0.000   0.752318      0.212539 0.565025
   0.000   -3.550    0.000   0.773857      0.219023 0.566055
   0.000   -3.450    0.000   0.795397      0.225329 0.566583
   0.000   -3.350    0.000   0.816936      0.231476 0.566693
   0.000   -3.250    0.000   0.838475      0.237477 0.566449
   0.000   -3.150    0.000   0.860014      0.243342 0.565901
   0.000   -3.050    0.000   0.881553      0.249079 0.565091
   0.000   -2.950    0.000   0.903093      0.254695 0.564051
   0.000   -2.850    0.000   0.924632      0.260195 0.562807
   0.000   -2.750    0.000   0.946171      0.265581 0.561380
   0.000   -2.650    0.000   0.967710      0.270856 0.559787
   0.000   -2.550    0.000   0.989250      0.276021 0.558042
   0.000   -2.450    0.000   1.010789      0.281077 0.556155
   0.000   -2.350    0.000   1.032328      0.286024 0.554134
   0.000   -2.250    0.000   1.053867      0.290861 0.551988
   0.000   -2.150    0.000   1.075407      0.295586 0.549720
   0.000   -2.050    0.000   1.096946      0.300197 0.547333
   0.000   -1.950    0.000   1.118485      0.304692 0.544831
   0.000   -1.850    0.000   1.140024      0.309068 0.542213
   0.000   -1.750    0.000   1.161563      0.313321 0.539481
   0.000   -1.650    0.000   1.183103      0.317446 0.536633
   0.000   -1.550    0.000   1.204642      0.321439 0.533667
   0.000   -1.450    0.000   1.226181      0.325294 0.530580
   0.000   -1.350    0.000   1.247720      0.329005 0.527370
   0.000   -1.250    0.000   1.269260      0.332565 0.524030
   0.000   -1.150    0.000   1.290799      0.335966 0.520556
   0.000   -1.050    0.000   1.312338      0.339200 0.516940
   0.000   -0.950    0.000   1.333877      0.342255 0.513174
   0.000   -0.850    0.000   1.355417      0.345122 0.509249
   0.000   -0.750    0.000   1.376956      0.347787 0.505153
   0.000   -0.650    0.000   1.398495      0.350235 0.500874
   0.000   -0.550    0.000   1.420034      0.352449 0.496395
   0.000   -0.450    0.000   1.441573      0.354408 0.491695
   0.000   -0.350    0.000   1.463113      0.356087 0.486752
   0.000   -0.250    0.000   1.484652      0.357454 0.481532
   0.000   -0.150    0.000   1.506191      0.358466 0.475990
   0.000   -0.050    0.000   1.527730      0.359056 0.470052
   0.000    0.050    0.000   1.527730      0.359056 0.470052
   0.000    0.150    0.000   1.506191      0.358466 0.475990
   0.000    0.250    0.000   1.484652      0.357454 0.481532
   0.000    0.350    0.000   1.463113      0.356087 0.486752
   0.000    0.450    0.000   1.441573      0.354408 0.491695
   0.000    0.550    0.000   1.420034      0.352449 0.496395
   0.000    0.650    0.000   1.398495      0.350235 0.500874
   0.000    0.750    0.000   1.376956      0.347787 0.505153
   0.000    0.850    0.000   1.355417      0.345122 0.509249
   0.000    0.950    0.000   1.333877      0.342255 0.513174
   0.000    1.050    0.000   1.312338      0.339200 0.516940
   0.000    1.150    0.000   1.290799      0.335966 0.520556
   0.000    1.250    0.000   1.269260      0.332565 0.524030
   0.000    1.350    0.000   1.247720      0.329005 0.527370
   0.000    1.450    0.000   1.226181      0.325294 0.530580
   0.000    1.550    0.000   1.204642      0.321439 0.533667
   0.000    1.650    0.000   1.183103      0.317446 0.536633
   0.000    1.750    0.000   1.161563      0.313321 0.539481
   0.000    1.850    0.000   1.140024      0.309068 0.542213
   0.000    1.950    0.000   1.118485      0.304692 0.544831
   0.000    2.050    0.000   1.096946      0.300197 0.547333
   0.000    2.150    0.000   1.075407      0.295586 0.549720
   0.000    2.250    0.000   1.053867      0.290861 0.551988
   0.000    2.350    0.000   1.032328      0.286024 0.554134
   0.000    2.450    0.000   1.010789      0.281077 0.556155
   0.000    2.550    0.000   0.989250      0.276021 0.558042
   0.000    2.650    0.000   0.967710      0.270856 0.559787
   0.000    2.750    0.000   0.946171      0.265581 0.561380
   0.000    2.850    0.000   0.924632      0.260195 0.562807
   0.000    2.950    0.000   0.903093      0.254695 0.564051
   0.000    3.050    0.000   0.881553      0.249079 0.565091
   0.000    3.150    0.000   0.860014      0.243342 0.565901
   0.000    3.250    0.000   0.838475      0.237477 0.566449
   0.000    3.350    0.000   0.816936      0.231476 0.566693
   0.000    3.450    0.000   0.795397      0.225329 0.566583
   0.000    3.550    0.000   0.773857      0.219023 0.566055
   0.000    3.650    0.000   0.752318      0.212539 0.565025
   0.000    3.750    0.000   0.730779      0.205856 0.563388
   0.000    3.850    0.000   0.709240      0.198944 0.561006
   0.000    3.950    0.000   0.687700      0.191764 0.557696
   0.000    4.050    0.000   0.666161      0.184264 0.553213
   0.000    4.150    0.000   0.644622      0.176376 0.547222
   0.000    4.250    0.000   0.623083      0.168001 0.539256
   0.000    4.350    0.000   0.601543      0.159002 0.528646
   0.000    4.450    0.000   0.580004      0.149177 0.514398
   0.000    4.550    0.000   0.558465      0.138216 0.494986
   0.000    4.650    0.000   0.536926      0.125619 0.467921
   0.000    4.750    0.000   0.515387      0.110506 0.428830
   0.000    4.850    0.000   0.493847      0.091115 0.368999
   0.000    4.950    0.000   0.472308      0.062879 0.266264
