# Taper.a8.0.out
#   Alpha(Deg)       CL      CDi
#    8.00        0.8713  -0.0242
#
#
# X(m)       Y(m)     Z(m)   Chord(m)    Gamma/V(m)       Cl
   0.000   -4.950    0.000   0.472308      0.104459 0.442332
   0.000   -4.850    0.000   0.493847      0.151364 0.613000
   0.000   -4.750    0.000   0.515387      0.183579 0.712394
   0.000   -4.650    0.000   0.536926      0.208686 0.777335
   0.000   -4.550    0.000   0.558465      0.229612 0.822296
   0.000   -4.450    0.000   0.580004      0.247820 0.854546
   0.000   -4.350    0.000   0.601543      0.264142 0.878214
   0.000   -4.250    0.000   0.623083      0.279092 0.895841
   0.000   -4.150    0.000   0.644622      0.293005 0.909074
   0.000   -4.050    0.000   0.666161      0.306110 0.919026
   0.000   -3.950    0.000   0.687700      0.318568 0.926474
   0.000   -3.850    0.000   0.709240      0.330496 0.931973
   0.000   -3.750    0.000   0.730779      0.341979 0.935930
   0.000   -3.650    0.000   0.752318      0.353082 0.938650
   0.000   -3.550    0.000   0.773857      0.363852 0.940360
   0.000   -3.450    0.000   0.795397      0.374329 0.941238
   0.000   -3.350    0.000   0.816936      0.384540 0.941420
   0.000   -3.250    0.000   0.838475      0.394509 0.941014
   0.000   -3.150    0.000   0.860014      0.404252 0.940105
   0.000   -3.050    0.000   0.881553      0.413783 0.938759
   0.000   -2.950    0.000   0.903093      0.423113 0.937031
   0.000   -2.850    0.000   0.924632      0.432249 0.934964
   0.000   -2.750    0.000   0.946171      0.441197 0.932594
   0.000   -2.650    0.000   0.967710      0.449960 0.929947
   0.000   -2.550    0.000   0.989250      0.458541 0.927048
   0.000   -2.450    0.000   1.010789      0.466941 0.923913
   0.000   -2.350    0.000   1.032328      0.475159 0.920557
   0.000   -2.250    0.000   1.053867      0.483194 0.916991
   0.000   -2.150    0.000   1.075407      0.491043 0.913223
   0.000   -2.050    0.000   1.096946      0.498704 0.909258
   0.000   -1.950    0.000   1.118485      0.506171 0.905101
   0.000   -1.850    0.000   1.140024      0.513440 0.900753
   0.000   -1.750    0.000   1.161563      0.520505 0.896214
   0.000   -1.650    0.000   1.183103      0.527358 0.891483
   0.000   -1.550    0.000   1.204642      0.533991 0.886555
   0.000   -1.450    0.000   1.226181      0.540395 0.881428
   0.000   -1.350    0.000   1.247720      0.546560 0.876094
   0.000   -1.250    0.000   1.269260      0.552475 0.870546
   0.000   -1.150    0.000   1.290799      0.558125 0.864774
   0.000   -1.050    0.000   1.312338      0.563496 0.858767
   0.000   -0.950    0.000   1.333877      0.568573 0.852511
   0.000   -0.850    0.000   1.355417      0.573335 0.845991
   0.000   -0.750    0.000   1.376956      0.577762 0.839187
   0.000   -0.650    0.000   1.398495      0.581829 0.832078
   0.000   -0.550    0.000   1.420034      0.585506 0.824637
   0.000   -0.450    0.000   1.441573      0.588760 0.816830
   0.000   -0.350    0.000   1.463113      0.591550 0.808618
   0.000   -0.250    0.000   1.484652      0.593821 0.799947
   0.000   -0.150    0.000   1.506191      0.595503 0.790740
   0.000   -0.050    0.000   1.527730      0.596483 0.780875
   0.000    0.050    0.000   1.527730      0.596483 0.780875
   0.000    0.150    0.000   1.506191      0.595503 0.790740
   0.000    0.250    0.000   1.484652      0.593821 0.799947
   0.000    0.350    0.000   1.463113      0.591550 0.808618
   0.000    0.450    0.000   1.441573      0.588760 0.816830
   0.000    0.550    0.000   1.420034      0.585506 0.824637
   0.000    0.650    0.000   1.398495      0.581829 0.832078
   0.000    0.750    0.000   1.376956      0.577762 0.839187
   0.000    0.850    0.000   1.355417      0.573335 0.845991
   0.000    0.950    0.000   1.333877      0.568573 0.852511
   0.000    1.050    0.000   1.312338      0.563496 0.858767
   0.000    1.150    0.000   1.290799      0.558125 0.864774
   0.000    1.250    0.000   1.269260      0.552475 0.870546
   0.000    1.350    0.000   1.247720      0.546560 0.876094
   0.000    1.450    0.000   1.226181      0.540395 0.881428
   0.000    1.550    0.000   1.204642      0.533991 0.886555
   0.000    1.650    0.000   1.183103      0.527358 0.891483
   0.000    1.750    0.000   1.161563      0.520505 0.896214
   0.000    1.850    0.000   1.140024      0.513440 0.900753
   0.000    1.950    0.000   1.118485      0.506171 0.905101
   0.000    2.050    0.000   1.096946      0.498704 0.909258
   0.000    2.150    0.000   1.075407      0.491043 0.913223
   0.000    2.250    0.000   1.053867      0.483194 0.916991
   0.000    2.350    0.000   1.032328      0.475159 0.920557
   0.000    2.450    0.000   1.010789      0.466941 0.923913
   0.000    2.550    0.000   0.989250      0.458541 0.927048
   0.000    2.650    0.000   0.967710      0.449960 0.929947
   0.000    2.750    0.000   0.946171      0.441197 0.932594
   0.000    2.850    0.000   0.924632      0.432249 0.934964
   0.000    2.950    0.000   0.903093      0.423113 0.937031
   0.000    3.050    0.000   0.881553      0.413783 0.938759
   0.000    3.150    0.000   0.860014      0.404252 0.940105
   0.000    3.250    0.000   0.838475      0.394509 0.941014
   0.000    3.350    0.000   0.816936      0.384540 0.941420
   0.000    3.450    0.000   0.795397      0.374329 0.941238
   0.000    3.550    0.000   0.773857      0.363852 0.940360
   0.000    3.650    0.000   0.752318      0.353082 0.938650
   0.000    3.750    0.000   0.730779      0.341979 0.935930
   0.000    3.850    0.000   0.709240      0.330496 0.931973
   0.000    3.950    0.000   0.687700      0.318568 0.926474
   0.000    4.050    0.000   0.666161      0.306110 0.919026
   0.000    4.150    0.000   0.644622      0.293005 0.909074
   0.000    4.250    0.000   0.623083      0.279092 0.895841
   0.000    4.350    0.000   0.601543      0.264142 0.878214
   0.000    4.450    0.000   0.580004      0.247820 0.854546
   0.000    4.550    0.000   0.558465      0.229612 0.822296
   0.000    4.650    0.000   0.536926      0.208686 0.777335
   0.000    4.750    0.000   0.515387      0.183579 0.712394
   0.000    4.850    0.000   0.493847      0.151364 0.613000
   0.000    4.950    0.000   0.472308      0.104459 0.442332
