# Taper.a10.0.out
#   Alpha(Deg)       CL      CDi
#   10.00        1.0432  -0.0347
#
#
# X(m)       Y(m)     Z(m)   Chord(m)    Gamma/V(m)       Cl
   0.000   -4.950    0.000   0.472308      0.125070 0.529611
   0.000   -4.850    0.000   0.493847      0.181231 0.733955
   0.000   -4.750    0.000   0.515387      0.219802 0.852961
   0.000   -4.650    0.000   0.536926      0.249863 0.930715
   0.000   -4.550    0.000   0.558465      0.274918 0.984548
   0.000   -4.450    0.000   0.580004      0.296719 1.023161
   0.000   -4.350    0.000   0.601543      0.316261 1.051499
   0.000   -4.250    0.000   0.623083      0.334161 1.072605
   0.000   -4.150    0.000   0.644622      0.350819 1.088449
   0.000   -4.050    0.000   0.666161      0.366510 1.100365
   0.000   -3.950    0.000   0.687700      0.381427 1.109282
   0.000   -3.850    0.000   0.709240      0.395708 1.115866
   0.000   -3.750    0.000   0.730779      0.409457 1.120604
   0.000   -3.650    0.000   0.752318      0.422750 1.123860
   0.000   -3.550    0.000   0.773857      0.435646 1.125908
   0.000   -3.450    0.000   0.795397      0.448190 1.126959
   0.000   -3.350    0.000   0.816936      0.460416 1.127178
   0.000   -3.250    0.000   0.838475      0.472351 1.126691
   0.000   -3.150    0.000   0.860014      0.484017 1.125602
   0.000   -3.050    0.000   0.881553      0.495429 1.123991
   0.000   -2.950    0.000   0.903093      0.506600 1.121922
   0.000   -2.850    0.000   0.924632      0.517538 1.119447
   0.000   -2.750    0.000   0.946171      0.528252 1.116609
   0.000   -2.650    0.000   0.967710      0.538744 1.113441
   0.000   -2.550    0.000   0.989250      0.549018 1.109969
   0.000   -2.450    0.000   1.010789      0.559075 1.106216
   0.000   -2.350    0.000   1.032328      0.568915 1.102198
   0.000   -2.250    0.000   1.053867      0.578535 1.097928
   0.000   -2.150    0.000   1.075407      0.587933 1.093416
   0.000   -2.050    0.000   1.096946      0.597106 1.088669
   0.000   -1.950    0.000   1.118485      0.606047 1.083692
   0.000   -1.850    0.000   1.140024      0.614750 1.078486
   0.000   -1.750    0.000   1.161563      0.623208 1.073051
   0.000   -1.650    0.000   1.183103      0.631414 1.067386
   0.000   -1.550    0.000   1.204642      0.639356 1.061487
   0.000   -1.450    0.000   1.226181      0.647024 1.055348
   0.000   -1.350    0.000   1.247720      0.654405 1.048962
   0.000   -1.250    0.000   1.269260      0.661487 1.042319
   0.000   -1.150    0.000   1.290799      0.668252 1.035408
   0.000   -1.050    0.000   1.312338      0.674683 1.028215
   0.000   -0.950    0.000   1.333877      0.680761 1.020725
   0.000   -0.850    0.000   1.355417      0.686463 1.012918
   0.000   -0.750    0.000   1.376956      0.691763 1.004772
   0.000   -0.650    0.000   1.398495      0.696632 0.996260
   0.000   -0.550    0.000   1.420034      0.701036 0.987350
   0.000   -0.450    0.000   1.441573      0.704932 0.978004
   0.000   -0.350    0.000   1.463113      0.708272 0.968171
   0.000   -0.250    0.000   1.484652      0.710991 0.957789
   0.000   -0.150    0.000   1.506191      0.713005 0.946766
   0.000   -0.050    0.000   1.527730      0.714179 0.934954
   0.000    0.050    0.000   1.527730      0.714179 0.934954
   0.000    0.150    0.000   1.506191      0.713005 0.946766
   0.000    0.250    0.000   1.484652      0.710991 0.957789
   0.000    0.350    0.000   1.463113      0.708272 0.968171
   0.000    0.450    0.000   1.441573      0.704932 0.978004
   0.000    0.550    0.000   1.420034      0.701036 0.987350
   0.000    0.650    0.000   1.398495      0.696632 0.996260
   0.000    0.750    0.000   1.376956      0.691763 1.004772
   0.000    0.850    0.000   1.355417      0.686463 1.012918
   0.000    0.950    0.000   1.333877      0.680761 1.020725
   0.000    1.050    0.000   1.312338      0.674683 1.028215
   0.000    1.150    0.000   1.290799      0.668252 1.035408
   0.000    1.250    0.000   1.269260      0.661487 1.042319
   0.000    1.350    0.000   1.247720      0.654405 1.048962
   0.000    1.450    0.000   1.226181      0.647024 1.055348
   0.000    1.550    0.000   1.204642      0.639356 1.061487
   0.000    1.650    0.000   1.183103      0.631414 1.067386
   0.000    1.750    0.000   1.161563      0.623208 1.073051
   0.000    1.850    0.000   1.140024      0.614750 1.078486
   0.000    1.950    0.000   1.118485      0.606047 1.083692
   0.000    2.050    0.000   1.096946      0.597106 1.088669
   0.000    2.150    0.000   1.075407      0.587933 1.093416
   0.000    2.250    0.000   1.053867      0.578535 1.097928
   0.000    2.350    0.000   1.032328      0.568915 1.102198
   0.000    2.450    0.000   1.010789      0.559075 1.106216
   0.000    2.550    0.000   0.989250      0.549018 1.109969
   0.000    2.650    0.000   0.967710      0.538744 1.113441
   0.000    2.750    0.000   0.946171      0.528252 1.116609
   0.000    2.850    0.000   0.924632      0.517538 1.119447
   0.000    2.950    0.000   0.903093      0.506600 1.121922
   0.000    3.050    0.000   0.881553      0.495429 1.123991
   0.000    3.150    0.000   0.860014      0.484017 1.125602
   0.000    3.250    0.000   0.838475      0.472351 1.126691
   0.000    3.350    0.000   0.816936      0.460416 1.127178
   0.000    3.450    0.000   0.795397      0.448190 1.126959
   0.000    3.550    0.000   0.773857      0.435646 1.125908
   0.000    3.650    0.000   0.752318      0.422750 1.123860
   0.000    3.750    0.000   0.730779      0.409457 1.120604
   0.000    3.850    0.000   0.709240      0.395708 1.115866
   0.000    3.950    0.000   0.687700      0.381427 1.109282
   0.000    4.050    0.000   0.666161      0.366510 1.100365
   0.000    4.150    0.000   0.644622      0.350819 1.088449
   0.000    4.250    0.000   0.623083      0.334161 1.072605
   0.000    4.350    0.000   0.601543      0.316261 1.051499
   0.000    4.450    0.000   0.580004      0.296719 1.023161
   0.000    4.550    0.000   0.558465      0.274918 0.984548
   0.000    4.650    0.000   0.536926      0.249863 0.930715
   0.000    4.750    0.000   0.515387      0.219802 0.852961
   0.000    4.850    0.000   0.493847      0.181231 0.733955
   0.000    4.950    0.000   0.472308      0.125070 0.529611
