# Taper.a2.0.out
#   Alpha(Deg)       CL      CDi
#    2.00        0.3500  -0.0039
#
#
# X(m)       Y(m)     Z(m)   Chord(m)    Gamma/V(m)       Cl
   0.000   -4.950    0.000   0.472308      0.041962 0.177690
   0.000   -4.850    0.000   0.493847      0.060805 0.246249
   0.000   -4.750    0.000   0.515387      0.073746 0.286177
   0.000   -4.650    0.000   0.536926      0.083831 0.312264
   0.000   -4.550    0.000   0.558465      0.092238 0.330326
   0.000   -4.450    0.000   0.580004      0.099552 0.343281
   0.000   -4.350    0.000   0.601543      0.106109 0.352789
   0.000   -4.250    0.000   0.623083      0.112114 0.359870
   0.000   -4.150    0.000   0.644622      0.117703 0.365186
   0.000   -4.050    0.000   0.666161      0.122968 0.369183
   0.000   -3.950    0.000   0.687700      0.127973 0.372175
   0.000   -3.850    0.000   0.709240      0.132764 0.374384
   0.000   -3.750    0.000   0.730779      0.137377 0.375974
   0.000   -3.650    0.000   0.752318      0.141837 0.377066
   0.000   -3.550    0.000   0.773857      0.146164 0.377753
   0.000   -3.450    0.000   0.795397      0.150372 0.378106
   0.000   -3.350    0.000   0.816936      0.154474 0.378179
   0.000   -3.250    0.000   0.838475      0.158479 0.378016
   0.000   -3.150    0.000   0.860014      0.162393 0.377651
   0.000   -3.050    0.000   0.881553      0.166221 0.377110
   0.000   -2.950    0.000   0.903093      0.169969 0.376416
   0.000   -2.850    0.000   0.924632      0.173639 0.375586
   0.000   -2.750    0.000   0.946171      0.177234 0.374634
   0.000   -2.650    0.000   0.967710      0.180754 0.373571
   0.000   -2.550    0.000   0.989250      0.184201 0.372406
   0.000   -2.450    0.000   1.010789      0.187575 0.371147
   0.000   -2.350    0.000   1.032328      0.190877 0.369798
   0.000   -2.250    0.000   1.053867      0.194104 0.368366
   0.000   -2.150    0.000   1.075407      0.197258 0.366852
   0.000   -2.050    0.000   1.096946      0.200335 0.365260
   0.000   -1.950    0.000   1.118485      0.203335 0.363590
   0.000   -1.850    0.000   1.140024      0.206255 0.361843
   0.000   -1.750    0.000   1.161563      0.209093 0.360019
   0.000   -1.650    0.000   1.183103      0.211846 0.358119
   0.000   -1.550    0.000   1.204642      0.214510 0.356140
   0.000   -1.450    0.000   1.226181      0.217083 0.354080
   0.000   -1.350    0.000   1.247720      0.219560 0.351937
   0.000   -1.250    0.000   1.269260      0.221935 0.349708
   0.000   -1.150    0.000   1.290799      0.224205 0.347390
   0.000   -1.050    0.000   1.312338      0.226363 0.344977
   0.000   -0.950    0.000   1.333877      0.228402 0.342464
   0.000   -0.850    0.000   1.355417      0.230315 0.339844
   0.000   -0.750    0.000   1.376956      0.232094 0.337111
   0.000   -0.650    0.000   1.398495      0.233727 0.334255
   0.000   -0.550    0.000   1.420034      0.235205 0.331266
   0.000   -0.450    0.000   1.441573      0.236512 0.328130
   0.000   -0.350    0.000   1.463113      0.237632 0.324831
   0.000   -0.250    0.000   1.484652      0.238545 0.321348
   0.000   -0.150    0.000   1.506191      0.239220 0.317649
   0.000   -0.050    0.000   1.527730      0.239614 0.313687
   0.000    0.050    0.000   1.527730      0.239614 0.313687
   0.000    0.150    0.000   1.506191      0.239220 0.317649
   0.000    0.250    0.000   1.484652      0.238545 0.321348
   0.000    0.350    0.000   1.463113      0.237632 0.324831
   0.000    0.450    0.000   1.441573      0.236512 0.328130
   0.000    0.550    0.000   1.420034      0.235205 0.331266
   0.000    0.650    0.000   1.398495      0.233727 0.334255
   0.000    0.750    0.000   1.376956      0.232094 0.337111
   0.000    0.850    0.000   1.355417      0.230315 0.339844
   0.000    0.950    0.000   1.333877      0.228402 0.342464
   0.000    1.050    0.000   1.312338      0.226363 0.344977
   0.000    1.150    0.000   1.290799      0.224205 0.347390
   0.000    1.250    0.000   1.269260      0.221935 0.349708
   0.000    1.350    0.000   1.247720      0.219560 0.351937
   0.000    1.450    0.000   1.226181      0.217083 0.354080
   0.000    1.550    0.000   1.204642      0.214510 0.356140
   0.000    1.650    0.000   1.183103      0.211846 0.358119
   0.000    1.750    0.000   1.161563      0.209093 0.360019
   0.000    1.850    0.000   1.140024      0.206255 0.361843
   0.000    1.950    0.000   1.118485      0.203335 0.363590
   0.000    2.050    0.000   1.096946      0.200335 0.365260
   0.000    2.150    0.000   1.075407      0.197258 0.366852
   0.000    2.250    0.000   1.053867      0.194104 0.368366
   0.000    2.350    0.000   1.032328      0.190877 0.369798
   0.000    2.450    0.000   1.010789      0.187575 0.371147
   0.000    2.550    0.000   0.989250      0.184201 0.372406
   0.000    2.650    0.000   0.967710      0.180754 0.373571
   0.000    2.750    0.000   0.946171      0.177234 0.374634
   0.000    2.850    0.000   0.924632      0.173639 0.375586
   0.000    2.950    0.000   0.903093      0.169969 0.376416
   0.000    3.050    0.000   0.881553      0.166221 0.377110
   0.000    3.150    0.000   0.860014      0.162393 0.377651
   0.000    3.250    0.000   0.838475      0.158479 0.378016
   0.000    3.350    0.000   0.816936      0.154474 0.378179
   0.000    3.450    0.000   0.795397      0.150372 0.378106
   0.000    3.550    0.000   0.773857      0.146164 0.377753
   0.000    3.650    0.000   0.752318      0.141837 0.377066
   0.000    3.750    0.000   0.730779      0.137377 0.375974
   0.000    3.850    0.000   0.709240      0.132764 0.374384
   0.000    3.950    0.000   0.687700      0.127973 0.372175
   0.000    4.050    0.000   0.666161      0.122968 0.369183
   0.000    4.150    0.000   0.644622      0.117703 0.365186
   0.000    4.250    0.000   0.623083      0.112114 0.359870
   0.000    4.350    0.000   0.601543      0.106109 0.352789
   0.000    4.450    0.000   0.580004      0.099552 0.343281
   0.000    4.550    0.000   0.558465      0.092238 0.330326
   0.000    4.650    0.000   0.536926      0.083831 0.312264
   0.000    4.750    0.000   0.515387      0.073746 0.286177
   0.000    4.850    0.000   0.493847      0.060805 0.246249
   0.000    4.950    0.000   0.472308      0.041962 0.177690
