# Taper.a0.0.out
#   Alpha(Deg)       CL      CDi
#    0.00        0.1751  -0.0010
#
#
# X(m)       Y(m)     Z(m)   Chord(m)    Gamma/V(m)       Cl
   0.000   -4.950    0.000   0.472308      0.020994 0.088899
   0.000   -4.850    0.000   0.493847      0.030421 0.123200
   0.000   -4.750    0.000   0.515387      0.036895 0.143176
   0.000   -4.650    0.000   0.536926      0.041941 0.156227
   0.000   -4.550    0.000   0.558465      0.046147 0.165264
   0.000   -4.450    0.000   0.580004      0.049806 0.171745
   0.000   -4.350    0.000   0.601543      0.053087 0.176502
   0.000   -4.250    0.000   0.623083      0.056091 0.180045
   0.000   -4.150    0.000   0.644622      0.058888 0.182704
   0.000   -4.050    0.000   0.666161      0.061521 0.184704
   0.000   -3.950    0.000   0.687700      0.064025 0.186201
   0.000   -3.850    0.000   0.709240      0.066423 0.187306
   0.000   -3.750    0.000   0.730779      0.068730 0.188102
   0.000   -3.650    0.000   0.752318      0.070962 0.188648
   0.000   -3.550    0.000   0.773857      0.073126 0.188992
   0.000   -3.450    0.000   0.795397      0.075232 0.189168
   0.000   -3.350    0.000   0.816936      0.077284 0.189205
   0.000   -3.250    0.000   0.838475      0.079288 0.189123
   0.000   -3.150    0.000   0.860014      0.081246 0.188941
   0.000   -3.050    0.000   0.881553      0.083161 0.188670
   0.000   -2.950    0.000   0.903093      0.085036 0.188323
   0.000   -2.850    0.000   0.924632      0.086873 0.187907
   0.000   -2.750    0.000   0.946171      0.088671 0.187431
   0.000   -2.650    0.000   0.967710      0.090432 0.186899
   0.000   -2.550    0.000   0.989250      0.092157 0.186316
   0.000   -2.450    0.000   1.010789      0.093845 0.185686
   0.000   -2.350    0.000   1.032328      0.095497 0.185012
   0.000   -2.250    0.000   1.053867      0.097111 0.184295
   0.000   -2.150    0.000   1.075407      0.098689 0.183538
   0.000   -2.050    0.000   1.096946      0.100229 0.182741
   0.000   -1.950    0.000   1.118485      0.101729 0.181906
   0.000   -1.850    0.000   1.140024      0.103190 0.181032
   0.000   -1.750    0.000   1.161563      0.104610 0.180119
   0.000   -1.650    0.000   1.183103      0.105987 0.179169
   0.000   -1.550    0.000   1.204642      0.107321 0.178178
   0.000   -1.450    0.000   1.226181      0.108608 0.177148
   0.000   -1.350    0.000   1.247720      0.109847 0.176076
   0.000   -1.250    0.000   1.269260      0.111035 0.174961
   0.000   -1.150    0.000   1.290799      0.112171 0.173801
   0.000   -1.050    0.000   1.312338      0.113250 0.172593
   0.000   -0.950    0.000   1.333877      0.114271 0.171336
   0.000   -0.850    0.000   1.355417      0.115228 0.170026
   0.000   -0.750    0.000   1.376956      0.116118 0.168658
   0.000   -0.650    0.000   1.398495      0.116935 0.167230
   0.000   -0.550    0.000   1.420034      0.117674 0.165734
   0.000   -0.450    0.000   1.441573      0.118328 0.164165
   0.000   -0.350    0.000   1.463113      0.118889 0.162515
   0.000   -0.250    0.000   1.484652      0.119345 0.160772
   0.000   -0.150    0.000   1.506191      0.119683 0.158922
   0.000   -0.050    0.000   1.527730      0.119880 0.156939
   0.000    0.050    0.000   1.527730      0.119880 0.156939
   0.000    0.150    0.000   1.506191      0.119683 0.158922
   0.000    0.250    0.000   1.484652      0.119345 0.160772
   0.000    0.350    0.000   1.463113      0.118889 0.162515
   0.000    0.450    0.000   1.441573      0.118328 0.164165
   0.000    0.550    0.000   1.420034      0.117674 0.165734
   0.000    0.650    0.000   1.398495      0.116935 0.167230
   0.000    0.750    0.000   1.376956      0.116118 0.168658
   0.000    0.850    0.000   1.355417      0.115228 0.170026
   0.000    0.950    0.000   1.333877      0.114271 0.171336
   0.000    1.050    0.000   1.312338      0.113250 0.172593
   0.000    1.150    0.000   1.290799      0.112171 0.173801
   0.000    1.250    0.000   1.269260      0.111035 0.174961
   0.000    1.350    0.000   1.247720      0.109847 0.176076
   0.000    1.450    0.000   1.226181      0.108608 0.177148
   0.000    1.550    0.000   1.204642      0.107321 0.178178
   0.000    1.650    0.000   1.183103      0.105987 0.179169
   0.000    1.750    0.000   1.161563      0.104610 0.180119
   0.000    1.850    0.000   1.140024      0.103190 0.181032
   0.000    1.950    0.000   1.118485      0.101729 0.181906
   0.000    2.050    0.000   1.096946      0.100229 0.182741
   0.000    2.150    0.000   1.075407      0.098689 0.183538
   0.000    2.250    0.000   1.053867      0.097111 0.184295
   0.000    2.350    0.000   1.032328      0.095497 0.185012
   0.000    2.450    0.000   1.010789      0.093845 0.185686
   0.000    2.550    0.000   0.989250      0.092157 0.186316
   0.000    2.650    0.000   0.967710      0.090432 0.186899
   0.000    2.750    0.000   0.946171      0.088671 0.187431
   0.000    2.850    0.000   0.924632      0.086873 0.187907
   0.000    2.950    0.000   0.903093      0.085036 0.188323
   0.000    3.050    0.000   0.881553      0.083161 0.188670
   0.000    3.150    0.000   0.860014      0.081246 0.188941
   0.000    3.250    0.000   0.838475      0.079288 0.189123
   0.000    3.350    0.000   0.816936      0.077284 0.189205
   0.000    3.450    0.000   0.795397      0.075232 0.189168
   0.000    3.550    0.000   0.773857      0.073126 0.188992
   0.000    3.650    0.000   0.752318      0.070962 0.188648
   0.000    3.750    0.000   0.730779      0.068730 0.188102
   0.000    3.850    0.000   0.709240      0.066423 0.187306
   0.000    3.950    0.000   0.687700      0.064025 0.186201
   0.000    4.050    0.000   0.666161      0.061521 0.184704
   0.000    4.150    0.000   0.644622      0.058888 0.182704
   0.000    4.250    0.000   0.623083      0.056091 0.180045
   0.000    4.350    0.000   0.601543      0.053087 0.176502
   0.000    4.450    0.000   0.580004      0.049806 0.171745
   0.000    4.550    0.000   0.558465      0.046147 0.165264
   0.000    4.650    0.000   0.536926      0.041941 0.156227
   0.000    4.750    0.000   0.515387      0.036895 0.143176
   0.000    4.850    0.000   0.493847      0.030421 0.123200
   0.000    4.950    0.000   0.472308      0.020994 0.088899
