# Taper.a6.0.out
#   Alpha(Deg)       CL      CDi
#    6.00        0.6983  -0.0155
#
#
# X(m)       Y(m)     Z(m)   Chord(m)    Gamma/V(m)       Cl
   0.000   -4.950    0.000   0.472308      0.083720 0.354514
   0.000   -4.850    0.000   0.493847      0.121313 0.491299
   0.000   -4.750    0.000   0.515387      0.147132 0.570960
   0.000   -4.650    0.000   0.536926      0.167254 0.623007
   0.000   -4.550    0.000   0.558465      0.184026 0.659043
   0.000   -4.450    0.000   0.580004      0.198619 0.684889
   0.000   -4.350    0.000   0.601543      0.211701 0.703859
   0.000   -4.250    0.000   0.623083      0.223682 0.717986
   0.000   -4.150    0.000   0.644622      0.234833 0.728592
   0.000   -4.050    0.000   0.666161      0.245337 0.736568
   0.000   -3.950    0.000   0.687700      0.255322 0.742537
   0.000   -3.850    0.000   0.709240      0.264881 0.746945
   0.000   -3.750    0.000   0.730779      0.274085 0.750116
   0.000   -3.650    0.000   0.752318      0.282983 0.752296
   0.000   -3.550    0.000   0.773857      0.291615 0.753667
   0.000   -3.450    0.000   0.795397      0.300012 0.754370
   0.000   -3.350    0.000   0.816936      0.308196 0.754516
   0.000   -3.250    0.000   0.838475      0.316185 0.754191
   0.000   -3.150    0.000   0.860014      0.323994 0.753462
   0.000   -3.050    0.000   0.881553      0.331633 0.752383
   0.000   -2.950    0.000   0.903093      0.339111 0.750998
   0.000   -2.850    0.000   0.924632      0.346433 0.749342
   0.000   -2.750    0.000   0.946171      0.353604 0.747442
   0.000   -2.650    0.000   0.967710      0.360628 0.745321
   0.000   -2.550    0.000   0.989250      0.367505 0.742997
   0.000   -2.450    0.000   1.010789      0.374237 0.740485
   0.000   -2.350    0.000   1.032328      0.380823 0.737795
   0.000   -2.250    0.000   1.053867      0.387263 0.734937
   0.000   -2.150    0.000   1.075407      0.393554 0.731917
   0.000   -2.050    0.000   1.096946      0.399694 0.728740
   0.000   -1.950    0.000   1.118485      0.405679 0.725408
   0.000   -1.850    0.000   1.140024      0.411505 0.721923
   0.000   -1.750    0.000   1.161563      0.417167 0.718285
   0.000   -1.650    0.000   1.183103      0.422659 0.714493
   0.000   -1.550    0.000   1.204642      0.427976 0.710544
   0.000   -1.450    0.000   1.226181      0.433108 0.706435
   0.000   -1.350    0.000   1.247720      0.438050 0.702160
   0.000   -1.250    0.000   1.269260      0.442790 0.697713
   0.000   -1.150    0.000   1.290799      0.447318 0.693087
   0.000   -1.050    0.000   1.312338      0.451623 0.688273
   0.000   -0.950    0.000   1.333877      0.455692 0.683259
   0.000   -0.850    0.000   1.355417      0.459509 0.678033
   0.000   -0.750    0.000   1.376956      0.463057 0.672580
   0.000   -0.650    0.000   1.398495      0.466316 0.666882
   0.000   -0.550    0.000   1.420034      0.469263 0.660918
   0.000   -0.450    0.000   1.441573      0.471871 0.654662
   0.000   -0.350    0.000   1.463113      0.474107 0.648080
   0.000   -0.250    0.000   1.484652      0.475927 0.641130
   0.000   -0.150    0.000   1.506191      0.477275 0.633751
   0.000   -0.050    0.000   1.527730      0.478061 0.625845
   0.000    0.050    0.000   1.527730      0.478061 0.625845
   0.000    0.150    0.000   1.506191      0.477275 0.633751
   0.000    0.250    0.000   1.484652      0.475927 0.641130
   0.000    0.350    0.000   1.463113      0.474107 0.648080
   0.000    0.450    0.000   1.441573      0.471871 0.654662
   0.000    0.550    0.000   1.420034      0.469263 0.660918
   0.000    0.650    0.000   1.398495      0.466316 0.666882
   0.000    0.750    0.000   1.376956      0.463057 0.672580
   0.000    0.850    0.000   1.355417      0.459509 0.678033
   0.000    0.950    0.000   1.333877      0.455692 0.683259
   0.000    1.050    0.000   1.312338      0.451623 0.688273
   0.000    1.150    0.000   1.290799      0.447318 0.693087
   0.000    1.250    0.000   1.269260      0.442790 0.697713
   0.000    1.350    0.000   1.247720      0.438050 0.702160
   0.000    1.450    0.000   1.226181      0.433108 0.706435
   0.000    1.550    0.000   1.204642      0.427976 0.710544
   0.000    1.650    0.000   1.183103      0.422659 0.714493
   0.000    1.750    0.000   1.161563      0.417167 0.718285
   0.000    1.850    0.000   1.140024      0.411505 0.721923
   0.000    1.950    0.000   1.118485      0.405679 0.725408
   0.000    2.050    0.000   1.096946      0.399694 0.728740
   0.000    2.150    0.000   1.075407      0.393554 0.731917
   0.000    2.250    0.000   1.053867      0.387263 0.734937
   0.000    2.350    0.000   1.032328      0.380823 0.737795
   0.000    2.450    0.000   1.010789      0.374237 0.740485
   0.000    2.550    0.000   0.989250      0.367505 0.742997
   0.000    2.650    0.000   0.967710      0.360628 0.745321
   0.000    2.750    0.000   0.946171      0.353604 0.747442
   0.000    2.850    0.000   0.924632      0.346433 0.749342
   0.000    2.950    0.000   0.903093      0.339111 0.750998
   0.000    3.050    0.000   0.881553      0.331633 0.752383
   0.000    3.150    0.000   0.860014      0.323994 0.753462
   0.000    3.250    0.000   0.838475      0.316185 0.754191
   0.000    3.350    0.000   0.816936      0.308196 0.754516
   0.000    3.450    0.000   0.795397      0.300012 0.754370
   0.000    3.550    0.000   0.773857      0.291615 0.753667
   0.000    3.650    0.000   0.752318      0.282983 0.752296
   0.000    3.750    0.000   0.730779      0.274085 0.750116
   0.000    3.850    0.000   0.709240      0.264881 0.746945
   0.000    3.950    0.000   0.687700      0.255322 0.742537
   0.000    4.050    0.000   0.666161      0.245337 0.736568
   0.000    4.150    0.000   0.644622      0.234833 0.728592
   0.000    4.250    0.000   0.623083      0.223682 0.717986
   0.000    4.350    0.000   0.601543      0.211701 0.703859
   0.000    4.450    0.000   0.580004      0.198619 0.684889
   0.000    4.550    0.000   0.558465      0.184026 0.659043
   0.000    4.650    0.000   0.536926      0.167254 0.623007
   0.000    4.750    0.000   0.515387      0.147132 0.570960
   0.000    4.850    0.000   0.493847      0.121313 0.491299
   0.000    4.950    0.000   0.472308      0.083720 0.354514
