# Taper.a3.0.out
#   Alpha(Deg)       CL      CDi
#    3.00        0.4373  -0.0061
#
#
# X(m)       Y(m)     Z(m)   Chord(m)    Gamma/V(m)       Cl
   0.000   -4.950    0.000   0.472308      0.052429 0.222011
   0.000   -4.850    0.000   0.493847      0.075971 0.307671
   0.000   -4.750    0.000   0.515387      0.092140 0.357558
   0.000   -4.650    0.000   0.536926      0.104741 0.390152
   0.000   -4.550    0.000   0.558465      0.115244 0.412719
   0.000   -4.450    0.000   0.580004      0.124383 0.428905
   0.000   -4.350    0.000   0.601543      0.132575 0.440784
   0.000   -4.250    0.000   0.623083      0.140079 0.449632
   0.000   -4.150    0.000   0.644622      0.147062 0.456273
   0.000   -4.050    0.000   0.666161      0.153640 0.461268
   0.000   -3.950    0.000   0.687700      0.159893 0.465006
   0.000   -3.850    0.000   0.709240      0.165879 0.467766
   0.000   -3.750    0.000   0.730779      0.171643 0.469753
   0.000   -3.650    0.000   0.752318      0.177215 0.471118
   0.000   -3.550    0.000   0.773857      0.182621 0.471976
   0.000   -3.450    0.000   0.795397      0.187879 0.472417
   0.000   -3.350    0.000   0.816936      0.193004 0.472508
   0.000   -3.250    0.000   0.838475      0.198008 0.472304
   0.000   -3.150    0.000   0.860014      0.202898 0.471848
   0.000   -3.050    0.000   0.881553      0.207682 0.471172
   0.000   -2.950    0.000   0.903093      0.212365 0.470305
   0.000   -2.850    0.000   0.924632      0.216950 0.469268
   0.000   -2.750    0.000   0.946171      0.221441 0.468078
   0.000   -2.650    0.000   0.967710      0.225839 0.466750
   0.000   -2.550    0.000   0.989250      0.230146 0.465295
   0.000   -2.450    0.000   1.010789      0.234362 0.463721
   0.000   -2.350    0.000   1.032328      0.238487 0.462037
   0.000   -2.250    0.000   1.053867      0.242520 0.460247
   0.000   -2.150    0.000   1.075407      0.246459 0.458356
   0.000   -2.050    0.000   1.096946      0.250304 0.456366
   0.000   -1.950    0.000   1.118485      0.254052 0.454279
   0.000   -1.850    0.000   1.140024      0.257701 0.452097
   0.000   -1.750    0.000   1.161563      0.261246 0.449819
   0.000   -1.650    0.000   1.183103      0.264686 0.447444
   0.000   -1.550    0.000   1.204642      0.268015 0.444971
   0.000   -1.450    0.000   1.226181      0.271230 0.442398
   0.000   -1.350    0.000   1.247720      0.274324 0.439720
   0.000   -1.250    0.000   1.269260      0.277292 0.436936
   0.000   -1.150    0.000   1.290799      0.280128 0.434039
   0.000   -1.050    0.000   1.312338      0.282824 0.431024
   0.000   -0.950    0.000   1.333877      0.285372 0.427884
   0.000   -0.850    0.000   1.355417      0.287763 0.424611
   0.000   -0.750    0.000   1.376956      0.289984 0.421196
   0.000   -0.650    0.000   1.398495      0.292026 0.417628
   0.000   -0.550    0.000   1.420034      0.293871 0.413893
   0.000   -0.450    0.000   1.441573      0.295505 0.409975
   0.000   -0.350    0.000   1.463113      0.296905 0.405853
   0.000   -0.250    0.000   1.484652      0.298045 0.401501
   0.000   -0.150    0.000   1.506191      0.298889 0.396880
   0.000   -0.050    0.000   1.527730      0.299381 0.391929
   0.000    0.050    0.000   1.527730      0.299381 0.391929
   0.000    0.150    0.000   1.506191      0.298889 0.396880
   0.000    0.250    0.000   1.484652      0.298045 0.401501
   0.000    0.350    0.000   1.463113      0.296905 0.405853
   0.000    0.450    0.000   1.441573      0.295505 0.409975
   0.000    0.550    0.000   1.420034      0.293871 0.413893
   0.000    0.650    0.000   1.398495      0.292026 0.417628
   0.000    0.750    0.000   1.376956      0.289984 0.421196
   0.000    0.850    0.000   1.355417      0.287763 0.424611
   0.000    0.950    0.000   1.333877      0.285372 0.427884
   0.000    1.050    0.000   1.312338      0.282824 0.431024
   0.000    1.150    0.000   1.290799      0.280128 0.434039
   0.000    1.250    0.000   1.269260      0.277292 0.436936
   0.000    1.350    0.000   1.247720      0.274324 0.439720
   0.000    1.450    0.000   1.226181      0.271230 0.442398
   0.000    1.550    0.000   1.204642      0.268015 0.444971
   0.000    1.650    0.000   1.183103      0.264686 0.447444
   0.000    1.750    0.000   1.161563      0.261246 0.449819
   0.000    1.850    0.000   1.140024      0.257701 0.452097
   0.000    1.950    0.000   1.118485      0.254052 0.454279
   0.000    2.050    0.000   1.096946      0.250304 0.456366
   0.000    2.150    0.000   1.075407      0.246459 0.458356
   0.000    2.250    0.000   1.053867      0.242520 0.460247
   0.000    2.350    0.000   1.032328      0.238487 0.462037
   0.000    2.450    0.000   1.010789      0.234362 0.463721
   0.000    2.550    0.000   0.989250      0.230146 0.465295
   0.000    2.650    0.000   0.967710      0.225839 0.466750
   0.000    2.750    0.000   0.946171      0.221441 0.468078
   0.000    2.850    0.000   0.924632      0.216950 0.469268
   0.000    2.950    0.000   0.903093      0.212365 0.470305
   0.000    3.050    0.000   0.881553      0.207682 0.471172
   0.000    3.150    0.000   0.860014      0.202898 0.471848
   0.000    3.250    0.000   0.838475      0.198008 0.472304
   0.000    3.350    0.000   0.816936      0.193004 0.472508
   0.000    3.450    0.000   0.795397      0.187879 0.472417
   0.000    3.550    0.000   0.773857      0.182621 0.471976
   0.000    3.650    0.000   0.752318      0.177215 0.471118
   0.000    3.750    0.000   0.730779      0.171643 0.469753
   0.000    3.850    0.000   0.709240      0.165879 0.467766
   0.000    3.950    0.000   0.687700      0.159893 0.465006
   0.000    4.050    0.000   0.666161      0.153640 0.461268
   0.000    4.150    0.000   0.644622      0.147062 0.456273
   0.000    4.250    0.000   0.623083      0.140079 0.449632
   0.000    4.350    0.000   0.601543      0.132575 0.440784
   0.000    4.450    0.000   0.580004      0.124383 0.428905
   0.000    4.550    0.000   0.558465      0.115244 0.412719
   0.000    4.650    0.000   0.536926      0.104741 0.390152
   0.000    4.750    0.000   0.515387      0.092140 0.357558
   0.000    4.850    0.000   0.493847      0.075971 0.307671
   0.000    4.950    0.000   0.472308      0.052429 0.222011
