# Taper.a7.0.out
#   Alpha(Deg)       CL      CDi
#    7.00        0.7849  -0.0196
#
#
# X(m)       Y(m)     Z(m)   Chord(m)    Gamma/V(m)       Cl
   0.000   -4.950    0.000   0.472308      0.094104 0.398484
   0.000   -4.850    0.000   0.493847      0.136360 0.552234
   0.000   -4.750    0.000   0.515387      0.165381 0.641775
   0.000   -4.650    0.000   0.536926      0.187999 0.700278
   0.000   -4.550    0.000   0.558465      0.206851 0.740782
   0.000   -4.450    0.000   0.580004      0.223254 0.769835
   0.000   -4.350    0.000   0.601543      0.237958 0.791157
   0.000   -4.250    0.000   0.623083      0.251425 0.807037
   0.000   -4.150    0.000   0.644622      0.263959 0.818958
   0.000   -4.050    0.000   0.666161      0.275765 0.827923
   0.000   -3.950    0.000   0.687700      0.286989 0.834633
   0.000   -3.850    0.000   0.709240      0.297734 0.839587
   0.000   -3.750    0.000   0.730779      0.308079 0.843152
   0.000   -3.650    0.000   0.752318      0.318081 0.845601
   0.000   -3.550    0.000   0.773857      0.327784 0.847142
   0.000   -3.450    0.000   0.795397      0.337222 0.847933
   0.000   -3.350    0.000   0.816936      0.346421 0.848098
   0.000   -3.250    0.000   0.838475      0.355401 0.847732
   0.000   -3.150    0.000   0.860014      0.364178 0.846912
   0.000   -3.050    0.000   0.881553      0.372765 0.845700
   0.000   -2.950    0.000   0.903093      0.381170 0.844143
   0.000   -2.850    0.000   0.924632      0.389400 0.842281
   0.000   -2.750    0.000   0.946171      0.397461 0.840146
   0.000   -2.650    0.000   0.967710      0.405355 0.837762
   0.000   -2.550    0.000   0.989250      0.413086 0.835150
   0.000   -2.450    0.000   1.010789      0.420653 0.832326
   0.000   -2.350    0.000   1.032328      0.428056 0.829303
   0.000   -2.250    0.000   1.053867      0.435295 0.826090
   0.000   -2.150    0.000   1.075407      0.442366 0.822695
   0.000   -2.050    0.000   1.096946      0.449267 0.819124
   0.000   -1.950    0.000   1.118485      0.455994 0.815379
   0.000   -1.850    0.000   1.140024      0.462543 0.811462
   0.000   -1.750    0.000   1.161563      0.468907 0.807372
   0.000   -1.650    0.000   1.183103      0.475081 0.803110
   0.000   -1.550    0.000   1.204642      0.481057 0.798671
   0.000   -1.450    0.000   1.226181      0.486826 0.794052
   0.000   -1.350    0.000   1.247720      0.492380 0.789247
   0.000   -1.250    0.000   1.269260      0.497708 0.784249
   0.000   -1.150    0.000   1.290799      0.502798 0.779049
   0.000   -1.050    0.000   1.312338      0.507637 0.773638
   0.000   -0.950    0.000   1.333877      0.512210 0.768002
   0.000   -0.850    0.000   1.355417      0.516501 0.762128
   0.000   -0.750    0.000   1.376956      0.520489 0.755999
   0.000   -0.650    0.000   1.398495      0.524152 0.749594
   0.000   -0.550    0.000   1.420034      0.527465 0.742891
   0.000   -0.450    0.000   1.441573      0.530397 0.735858
   0.000   -0.350    0.000   1.463113      0.532910 0.728460
   0.000   -0.250    0.000   1.484652      0.534956 0.720648
   0.000   -0.150    0.000   1.506191      0.536471 0.712354
   0.000   -0.050    0.000   1.527730      0.537354 0.703467
   0.000    0.050    0.000   1.527730      0.537354 0.703467
   0.000    0.150    0.000   1.506191      0.536471 0.712354
   0.000    0.250    0.000   1.484652      0.534956 0.720648
   0.000    0.350    0.000   1.463113      0.532910 0.728460
   0.000    0.450    0.000   1.441573      0.530397 0.735858
   0.000    0.550    0.000   1.420034      0.527465 0.742891
   0.000    0.650    0.000   1.398495      0.524152 0.749594
   0.000    0.750    0.000   1.376956      0.520489 0.755999
   0.000    0.850    0.000   1.355417      0.516501 0.762128
   0.000    0.950    0.000   1.333877      0.512210 0.768002
   0.000    1.050    0.000   1.312338      0.507637 0.773638
   0.000    1.150    0.000   1.290799      0.502798 0.779049
   0.000    1.250    0.000   1.269260      0.497708 0.784249
   0.000    1.350    0.000   1.247720      0.492380 0.789247
   0.000    1.450    0.000   1.226181      0.486826 0.794052
   0.000    1.550    0.000   1.204642      0.481057 0.798671
   0.000    1.650    0.000   1.183103      0.475081 0.803110
   0.000    1.750    0.000   1.161563      0.468907 0.807372
   0.000    1.850    0.000   1.140024      0.462543 0.811462
   0.000    1.950    0.000   1.118485      0.455994 0.815379
   0.000    2.050    0.000   1.096946      0.449267 0.819124
   0.000    2.150    0.000   1.075407      0.442366 0.822695
   0.000    2.250    0.000   1.053867      0.435295 0.826090
   0.000    2.350    0.000   1.032328      0.428056 0.829303
   0.000    2.450    0.000   1.010789      0.420653 0.832326
   0.000    2.550    0.000   0.989250      0.413086 0.835150
   0.000    2.650    0.000   0.967710      0.405355 0.837762
   0.000    2.750    0.000   0.946171      0.397461 0.840146
   0.000    2.850    0.000   0.924632      0.389400 0.842281
   0.000    2.950    0.000   0.903093      0.381170 0.844143
   0.000    3.050    0.000   0.881553      0.372765 0.845700
   0.000    3.150    0.000   0.860014      0.364178 0.846912
   0.000    3.250    0.000   0.838475      0.355401 0.847732
   0.000    3.350    0.000   0.816936      0.346421 0.848098
   0.000    3.450    0.000   0.795397      0.337222 0.847933
   0.000    3.550    0.000   0.773857      0.327784 0.847142
   0.000    3.650    0.000   0.752318      0.318081 0.845601
   0.000    3.750    0.000   0.730779      0.308079 0.843152
   0.000    3.850    0.000   0.709240      0.297734 0.839587
   0.000    3.950    0.000   0.687700      0.286989 0.834633
   0.000    4.050    0.000   0.666161      0.275765 0.827923
   0.000    4.150    0.000   0.644622      0.263959 0.818958
   0.000    4.250    0.000   0.623083      0.251425 0.807037
   0.000    4.350    0.000   0.601543      0.237958 0.791157
   0.000    4.450    0.000   0.580004      0.223254 0.769835
   0.000    4.550    0.000   0.558465      0.206851 0.740782
   0.000    4.650    0.000   0.536926      0.187999 0.700278
   0.000    4.750    0.000   0.515387      0.165381 0.641775
   0.000    4.850    0.000   0.493847      0.136360 0.552234
   0.000    4.950    0.000   0.472308      0.094104 0.398484
